Created by PLY version 3.11 (http://www.dabeaz.com/ply)

Unused terminals:

    AGRUPAR_POR
    ALGUNO
    ALGUNOS
    ALTERAR
    ASCENDENTE
    CASO
    COMENTARIO
    COMO
    CONTAR
    CONVERTIR
    CUALQUIERA
    DESCENDENTE
    DISTINTO
    DIVISION
    ENTONCES
    ENTRE
    ES
    ESTABLECER_TRANSACCION
    ES_NULO
    EXISTE
    FIN
    IDENTIFICADOR_INVALIDO
    INICIO
    LIMITAR
    MAS
    MAXIMO
    MENOS
    MEZCLAR
    MIENTRAS
    MINIMO
    MODULO
    MULTIPLICACION
    NO
    NO_ES_NULO
    NULO
    OBTENER
    ORDENAR_POR
    PARA
    PROMEDIO
    PUNTO
    PUNTO_GUARDADO
    PYC
    RANGO
    REEMPLAZAR
    RENOMBRAR
    SALTO_DE_LINEA
    SI
    SIMILAR_A
    SINO
    SUMA
    TENIENDO
    TODOS
    UNIR
    UNIR_DERECHA
    UNIR_INTERIOR
    UNIR_IZQUIERDA

Grammar

Rule 0     S' -> instruccion
Rule 1     instruccion -> seleccion
Rule 2     instruccion -> insertar
Rule 3     instruccion -> actualizar
Rule 4     instruccion -> eliminar
Rule 5     instruccion -> soltar
Rule 6     instruccion -> crear
Rule 7     instruccion -> transaccion
Rule 8     crear -> CREAR TABLA IDENTIFICADOR PARENTESIS_IZQ lista_columnas PARENTESIS_DER
Rule 9     lista_columnas -> lista_columnas COMA lista_columna
Rule 10    lista_columnas -> lista_columna
Rule 11    tipo_dato -> ENTERO
Rule 12    tipo_dato -> CADENA
Rule 13    tipo_dato -> CARACTER
Rule 14    tipo_dato -> FECHA
Rule 15    tipo_dato -> BOOLEANO
Rule 16    tipo_dato -> DECIMAL
Rule 17    tipo_dato -> TEXTO especificacion
Rule 18    tipo_dato -> FLOTANTE
Rule 19    especificacion -> PARENTESIS_IZQ NUMERO PARENTESIS_DER
Rule 20    restricciones -> restricciones restriccion
Rule 21    restricciones -> restriccion
Rule 22    restricciones -> empty
Rule 23    restriccion -> CLAVE_PRIMARIA
Rule 24    restriccion -> CLAVE_FORANEA
Rule 25    restriccion -> AUTOINCREMENTAL
Rule 26    restriccion -> NO_NULO
Rule 27    lista_columna -> IDENTIFICADOR tipo_dato restricciones
Rule 28    seleccion -> SELECCIONAR lista_columnas DESDE IDENTIFICADOR condicion_opt
Rule 29    lista_columnas -> IDENTIFICADOR
Rule 30    lista_columnas -> lista_columnas COMA IDENTIFICADOR
Rule 31    lista_columnas -> TODO
Rule 32    condicion_opt -> DONDE condicion
Rule 33    condicion_opt -> empty
Rule 34    condicion -> IDENTIFICADOR comparador valor
Rule 35    condicion -> condicion Y condicion
Rule 36    condicion -> condicion O condicion
Rule 37    comparador -> IGUALDAD
Rule 38    comparador -> MAYOR
Rule 39    comparador -> MENOR
Rule 40    comparador -> MAYOR_IGUAL
Rule 41    comparador -> MENOR_IGUAL
Rule 42    comparador -> DIFERENTE
Rule 43    valor -> NUMERO
Rule 44    valor -> CADENA
Rule 45    valor -> IDENTIFICADOR
Rule 46    insertar -> INSERTAR EN IDENTIFICADOR lista_columnas VALORES PARENTESIS_IZQ lista_valores PARENTESIS_DER
Rule 47    lista_valores -> valor
Rule 48    lista_valores -> lista_valores COMA valor
Rule 49    actualizar -> ACTUALIZAR IDENTIFICADOR COLOCAR lista_asignaciones condicion_opt
Rule 50    lista_asignaciones -> IDENTIFICADOR IGUALDAD valor
Rule 51    lista_asignaciones -> lista_asignaciones COMA IDENTIFICADOR IGUALDAD valor
Rule 52    eliminar -> ELIMINAR DESDE IDENTIFICADOR condicion_opt
Rule 53    soltar -> SOLTAR TABLA IDENTIFICADOR
Rule 54    transaccion -> INICIAR_TRANSACCION
Rule 55    transaccion -> CONFIRMAR
Rule 56    transaccion -> REVERTIR
Rule 57    empty -> <empty>

Terminals, with rules where they appear

ACTUALIZAR           : 49
AGRUPAR_POR          : 
ALGUNO               : 
ALGUNOS              : 
ALTERAR              : 
ASCENDENTE           : 
AUTOINCREMENTAL      : 25
BOOLEANO             : 15
CADENA               : 12 44
CARACTER             : 13
CASO                 : 
CLAVE_FORANEA        : 24
CLAVE_PRIMARIA       : 23
COLOCAR              : 49
COMA                 : 9 30 48 51
COMENTARIO           : 
COMO                 : 
CONFIRMAR            : 55
CONTAR               : 
CONVERTIR            : 
CREAR                : 8
CUALQUIERA           : 
DECIMAL              : 16
DESCENDENTE          : 
DESDE                : 28 52
DIFERENTE            : 42
DISTINTO             : 
DIVISION             : 
DONDE                : 32
ELIMINAR             : 52
EN                   : 46
ENTERO               : 11
ENTONCES             : 
ENTRE                : 
ES                   : 
ESTABLECER_TRANSACCION : 
ES_NULO              : 
EXISTE               : 
FECHA                : 14
FIN                  : 
FLOTANTE             : 18
IDENTIFICADOR        : 8 27 28 29 30 34 45 46 49 50 51 52 53
IDENTIFICADOR_INVALIDO : 
IGUALDAD             : 37 50 51
INICIAR_TRANSACCION  : 54
INICIO               : 
INSERTAR             : 46
LIMITAR              : 
MAS                  : 
MAXIMO               : 
MAYOR                : 38
MAYOR_IGUAL          : 40
MENOR                : 39
MENOR_IGUAL          : 41
MENOS                : 
MEZCLAR              : 
MIENTRAS             : 
MINIMO               : 
MODULO               : 
MULTIPLICACION       : 
NO                   : 
NO_ES_NULO           : 
NO_NULO              : 26
NULO                 : 
NUMERO               : 19 43
O                    : 36
OBTENER              : 
ORDENAR_POR          : 
PARA                 : 
PARENTESIS_DER       : 8 19 46
PARENTESIS_IZQ       : 8 19 46
PROMEDIO             : 
PUNTO                : 
PUNTO_GUARDADO       : 
PYC                  : 
RANGO                : 
REEMPLAZAR           : 
RENOMBRAR            : 
REVERTIR             : 56
SALTO_DE_LINEA       : 
SELECCIONAR          : 28
SI                   : 
SIMILAR_A            : 
SINO                 : 
SOLTAR               : 53
SUMA                 : 
TABLA                : 8 53
TENIENDO             : 
TEXTO                : 17
TODO                 : 31
TODOS                : 
UNIR                 : 
UNIR_DERECHA         : 
UNIR_INTERIOR        : 
UNIR_IZQUIERDA       : 
VALORES              : 46
Y                    : 35
error                : 

Nonterminals, with rules where they appear

actualizar           : 3
comparador           : 34
condicion            : 32 35 35 36 36
condicion_opt        : 28 49 52
crear                : 6
eliminar             : 4
empty                : 22 33
especificacion       : 17
insertar             : 2
instruccion          : 0
lista_asignaciones   : 49 51
lista_columna        : 9 10
lista_columnas       : 8 9 28 30 46
lista_valores        : 46 48
restriccion          : 20 21
restricciones        : 20 27
seleccion            : 1
soltar               : 5
tipo_dato            : 27
transaccion          : 7
valor                : 34 47 48 50 51

Parsing method: LALR

state 0

    (0) S' -> . instruccion
    (1) instruccion -> . seleccion
    (2) instruccion -> . insertar
    (3) instruccion -> . actualizar
    (4) instruccion -> . eliminar
    (5) instruccion -> . soltar
    (6) instruccion -> . crear
    (7) instruccion -> . transaccion
    (28) seleccion -> . SELECCIONAR lista_columnas DESDE IDENTIFICADOR condicion_opt
    (46) insertar -> . INSERTAR EN IDENTIFICADOR lista_columnas VALORES PARENTESIS_IZQ lista_valores PARENTESIS_DER
    (49) actualizar -> . ACTUALIZAR IDENTIFICADOR COLOCAR lista_asignaciones condicion_opt
    (52) eliminar -> . ELIMINAR DESDE IDENTIFICADOR condicion_opt
    (53) soltar -> . SOLTAR TABLA IDENTIFICADOR
    (8) crear -> . CREAR TABLA IDENTIFICADOR PARENTESIS_IZQ lista_columnas PARENTESIS_DER
    (54) transaccion -> . INICIAR_TRANSACCION
    (55) transaccion -> . CONFIRMAR
    (56) transaccion -> . REVERTIR

    SELECCIONAR     shift and go to state 9
    INSERTAR        shift and go to state 10
    ACTUALIZAR      shift and go to state 11
    ELIMINAR        shift and go to state 12
    SOLTAR          shift and go to state 13
    CREAR           shift and go to state 14
    INICIAR_TRANSACCION shift and go to state 15
    CONFIRMAR       shift and go to state 16
    REVERTIR        shift and go to state 17

    instruccion                    shift and go to state 1
    seleccion                      shift and go to state 2
    insertar                       shift and go to state 3
    actualizar                     shift and go to state 4
    eliminar                       shift and go to state 5
    soltar                         shift and go to state 6
    crear                          shift and go to state 7
    transaccion                    shift and go to state 8

state 1

    (0) S' -> instruccion .



state 2

    (1) instruccion -> seleccion .

    $end            reduce using rule 1 (instruccion -> seleccion .)


state 3

    (2) instruccion -> insertar .

    $end            reduce using rule 2 (instruccion -> insertar .)


state 4

    (3) instruccion -> actualizar .

    $end            reduce using rule 3 (instruccion -> actualizar .)


state 5

    (4) instruccion -> eliminar .

    $end            reduce using rule 4 (instruccion -> eliminar .)


state 6

    (5) instruccion -> soltar .

    $end            reduce using rule 5 (instruccion -> soltar .)


state 7

    (6) instruccion -> crear .

    $end            reduce using rule 6 (instruccion -> crear .)


state 8

    (7) instruccion -> transaccion .

    $end            reduce using rule 7 (instruccion -> transaccion .)


state 9

    (28) seleccion -> SELECCIONAR . lista_columnas DESDE IDENTIFICADOR condicion_opt
    (9) lista_columnas -> . lista_columnas COMA lista_columna
    (10) lista_columnas -> . lista_columna
    (29) lista_columnas -> . IDENTIFICADOR
    (30) lista_columnas -> . lista_columnas COMA IDENTIFICADOR
    (31) lista_columnas -> . TODO
    (27) lista_columna -> . IDENTIFICADOR tipo_dato restricciones

    IDENTIFICADOR   shift and go to state 19
    TODO            shift and go to state 21

    lista_columnas                 shift and go to state 18
    lista_columna                  shift and go to state 20

state 10

    (46) insertar -> INSERTAR . EN IDENTIFICADOR lista_columnas VALORES PARENTESIS_IZQ lista_valores PARENTESIS_DER

    EN              shift and go to state 22


state 11

    (49) actualizar -> ACTUALIZAR . IDENTIFICADOR COLOCAR lista_asignaciones condicion_opt

    IDENTIFICADOR   shift and go to state 23


state 12

    (52) eliminar -> ELIMINAR . DESDE IDENTIFICADOR condicion_opt

    DESDE           shift and go to state 24


state 13

    (53) soltar -> SOLTAR . TABLA IDENTIFICADOR

    TABLA           shift and go to state 25


state 14

    (8) crear -> CREAR . TABLA IDENTIFICADOR PARENTESIS_IZQ lista_columnas PARENTESIS_DER

    TABLA           shift and go to state 26


state 15

    (54) transaccion -> INICIAR_TRANSACCION .

    $end            reduce using rule 54 (transaccion -> INICIAR_TRANSACCION .)


state 16

    (55) transaccion -> CONFIRMAR .

    $end            reduce using rule 55 (transaccion -> CONFIRMAR .)


state 17

    (56) transaccion -> REVERTIR .

    $end            reduce using rule 56 (transaccion -> REVERTIR .)


state 18

    (28) seleccion -> SELECCIONAR lista_columnas . DESDE IDENTIFICADOR condicion_opt
    (9) lista_columnas -> lista_columnas . COMA lista_columna
    (30) lista_columnas -> lista_columnas . COMA IDENTIFICADOR

    DESDE           shift and go to state 27
    COMA            shift and go to state 28


state 19

    (29) lista_columnas -> IDENTIFICADOR .
    (27) lista_columna -> IDENTIFICADOR . tipo_dato restricciones
    (11) tipo_dato -> . ENTERO
    (12) tipo_dato -> . CADENA
    (13) tipo_dato -> . CARACTER
    (14) tipo_dato -> . FECHA
    (15) tipo_dato -> . BOOLEANO
    (16) tipo_dato -> . DECIMAL
    (17) tipo_dato -> . TEXTO especificacion
    (18) tipo_dato -> . FLOTANTE

    DESDE           reduce using rule 29 (lista_columnas -> IDENTIFICADOR .)
    COMA            reduce using rule 29 (lista_columnas -> IDENTIFICADOR .)
    VALORES         reduce using rule 29 (lista_columnas -> IDENTIFICADOR .)
    PARENTESIS_DER  reduce using rule 29 (lista_columnas -> IDENTIFICADOR .)
    ENTERO          shift and go to state 30
    CADENA          shift and go to state 31
    CARACTER        shift and go to state 32
    FECHA           shift and go to state 33
    BOOLEANO        shift and go to state 34
    DECIMAL         shift and go to state 35
    TEXTO           shift and go to state 36
    FLOTANTE        shift and go to state 37

    tipo_dato                      shift and go to state 29

state 20

    (10) lista_columnas -> lista_columna .

    DESDE           reduce using rule 10 (lista_columnas -> lista_columna .)
    COMA            reduce using rule 10 (lista_columnas -> lista_columna .)
    VALORES         reduce using rule 10 (lista_columnas -> lista_columna .)
    PARENTESIS_DER  reduce using rule 10 (lista_columnas -> lista_columna .)


state 21

    (31) lista_columnas -> TODO .

    DESDE           reduce using rule 31 (lista_columnas -> TODO .)
    COMA            reduce using rule 31 (lista_columnas -> TODO .)
    VALORES         reduce using rule 31 (lista_columnas -> TODO .)
    PARENTESIS_DER  reduce using rule 31 (lista_columnas -> TODO .)


state 22

    (46) insertar -> INSERTAR EN . IDENTIFICADOR lista_columnas VALORES PARENTESIS_IZQ lista_valores PARENTESIS_DER

    IDENTIFICADOR   shift and go to state 38


state 23

    (49) actualizar -> ACTUALIZAR IDENTIFICADOR . COLOCAR lista_asignaciones condicion_opt

    COLOCAR         shift and go to state 39


state 24

    (52) eliminar -> ELIMINAR DESDE . IDENTIFICADOR condicion_opt

    IDENTIFICADOR   shift and go to state 40


state 25

    (53) soltar -> SOLTAR TABLA . IDENTIFICADOR

    IDENTIFICADOR   shift and go to state 41


state 26

    (8) crear -> CREAR TABLA . IDENTIFICADOR PARENTESIS_IZQ lista_columnas PARENTESIS_DER

    IDENTIFICADOR   shift and go to state 42


state 27

    (28) seleccion -> SELECCIONAR lista_columnas DESDE . IDENTIFICADOR condicion_opt

    IDENTIFICADOR   shift and go to state 43


state 28

    (9) lista_columnas -> lista_columnas COMA . lista_columna
    (30) lista_columnas -> lista_columnas COMA . IDENTIFICADOR
    (27) lista_columna -> . IDENTIFICADOR tipo_dato restricciones

    IDENTIFICADOR   shift and go to state 45

    lista_columna                  shift and go to state 44

state 29

    (27) lista_columna -> IDENTIFICADOR tipo_dato . restricciones
    (20) restricciones -> . restricciones restriccion
    (21) restricciones -> . restriccion
    (22) restricciones -> . empty
    (23) restriccion -> . CLAVE_PRIMARIA
    (24) restriccion -> . CLAVE_FORANEA
    (25) restriccion -> . AUTOINCREMENTAL
    (26) restriccion -> . NO_NULO
    (57) empty -> .

  ! shift/reduce conflict for CLAVE_PRIMARIA resolved as shift
  ! shift/reduce conflict for CLAVE_FORANEA resolved as shift
  ! shift/reduce conflict for AUTOINCREMENTAL resolved as shift
  ! shift/reduce conflict for NO_NULO resolved as shift
    CLAVE_PRIMARIA  shift and go to state 49
    CLAVE_FORANEA   shift and go to state 50
    AUTOINCREMENTAL shift and go to state 51
    NO_NULO         shift and go to state 52
    DESDE           reduce using rule 57 (empty -> .)
    COMA            reduce using rule 57 (empty -> .)
    VALORES         reduce using rule 57 (empty -> .)
    PARENTESIS_DER  reduce using rule 57 (empty -> .)

  ! CLAVE_PRIMARIA  [ reduce using rule 57 (empty -> .) ]
  ! CLAVE_FORANEA   [ reduce using rule 57 (empty -> .) ]
  ! AUTOINCREMENTAL [ reduce using rule 57 (empty -> .) ]
  ! NO_NULO         [ reduce using rule 57 (empty -> .) ]

    restricciones                  shift and go to state 46
    restriccion                    shift and go to state 47
    empty                          shift and go to state 48

state 30

    (11) tipo_dato -> ENTERO .

    CLAVE_PRIMARIA  reduce using rule 11 (tipo_dato -> ENTERO .)
    CLAVE_FORANEA   reduce using rule 11 (tipo_dato -> ENTERO .)
    AUTOINCREMENTAL reduce using rule 11 (tipo_dato -> ENTERO .)
    NO_NULO         reduce using rule 11 (tipo_dato -> ENTERO .)
    DESDE           reduce using rule 11 (tipo_dato -> ENTERO .)
    COMA            reduce using rule 11 (tipo_dato -> ENTERO .)
    VALORES         reduce using rule 11 (tipo_dato -> ENTERO .)
    PARENTESIS_DER  reduce using rule 11 (tipo_dato -> ENTERO .)


state 31

    (12) tipo_dato -> CADENA .

    CLAVE_PRIMARIA  reduce using rule 12 (tipo_dato -> CADENA .)
    CLAVE_FORANEA   reduce using rule 12 (tipo_dato -> CADENA .)
    AUTOINCREMENTAL reduce using rule 12 (tipo_dato -> CADENA .)
    NO_NULO         reduce using rule 12 (tipo_dato -> CADENA .)
    DESDE           reduce using rule 12 (tipo_dato -> CADENA .)
    COMA            reduce using rule 12 (tipo_dato -> CADENA .)
    VALORES         reduce using rule 12 (tipo_dato -> CADENA .)
    PARENTESIS_DER  reduce using rule 12 (tipo_dato -> CADENA .)


state 32

    (13) tipo_dato -> CARACTER .

    CLAVE_PRIMARIA  reduce using rule 13 (tipo_dato -> CARACTER .)
    CLAVE_FORANEA   reduce using rule 13 (tipo_dato -> CARACTER .)
    AUTOINCREMENTAL reduce using rule 13 (tipo_dato -> CARACTER .)
    NO_NULO         reduce using rule 13 (tipo_dato -> CARACTER .)
    DESDE           reduce using rule 13 (tipo_dato -> CARACTER .)
    COMA            reduce using rule 13 (tipo_dato -> CARACTER .)
    VALORES         reduce using rule 13 (tipo_dato -> CARACTER .)
    PARENTESIS_DER  reduce using rule 13 (tipo_dato -> CARACTER .)


state 33

    (14) tipo_dato -> FECHA .

    CLAVE_PRIMARIA  reduce using rule 14 (tipo_dato -> FECHA .)
    CLAVE_FORANEA   reduce using rule 14 (tipo_dato -> FECHA .)
    AUTOINCREMENTAL reduce using rule 14 (tipo_dato -> FECHA .)
    NO_NULO         reduce using rule 14 (tipo_dato -> FECHA .)
    DESDE           reduce using rule 14 (tipo_dato -> FECHA .)
    COMA            reduce using rule 14 (tipo_dato -> FECHA .)
    VALORES         reduce using rule 14 (tipo_dato -> FECHA .)
    PARENTESIS_DER  reduce using rule 14 (tipo_dato -> FECHA .)


state 34

    (15) tipo_dato -> BOOLEANO .

    CLAVE_PRIMARIA  reduce using rule 15 (tipo_dato -> BOOLEANO .)
    CLAVE_FORANEA   reduce using rule 15 (tipo_dato -> BOOLEANO .)
    AUTOINCREMENTAL reduce using rule 15 (tipo_dato -> BOOLEANO .)
    NO_NULO         reduce using rule 15 (tipo_dato -> BOOLEANO .)
    DESDE           reduce using rule 15 (tipo_dato -> BOOLEANO .)
    COMA            reduce using rule 15 (tipo_dato -> BOOLEANO .)
    VALORES         reduce using rule 15 (tipo_dato -> BOOLEANO .)
    PARENTESIS_DER  reduce using rule 15 (tipo_dato -> BOOLEANO .)


state 35

    (16) tipo_dato -> DECIMAL .

    CLAVE_PRIMARIA  reduce using rule 16 (tipo_dato -> DECIMAL .)
    CLAVE_FORANEA   reduce using rule 16 (tipo_dato -> DECIMAL .)
    AUTOINCREMENTAL reduce using rule 16 (tipo_dato -> DECIMAL .)
    NO_NULO         reduce using rule 16 (tipo_dato -> DECIMAL .)
    DESDE           reduce using rule 16 (tipo_dato -> DECIMAL .)
    COMA            reduce using rule 16 (tipo_dato -> DECIMAL .)
    VALORES         reduce using rule 16 (tipo_dato -> DECIMAL .)
    PARENTESIS_DER  reduce using rule 16 (tipo_dato -> DECIMAL .)


state 36

    (17) tipo_dato -> TEXTO . especificacion
    (19) especificacion -> . PARENTESIS_IZQ NUMERO PARENTESIS_DER

    PARENTESIS_IZQ  shift and go to state 54

    especificacion                 shift and go to state 53

state 37

    (18) tipo_dato -> FLOTANTE .

    CLAVE_PRIMARIA  reduce using rule 18 (tipo_dato -> FLOTANTE .)
    CLAVE_FORANEA   reduce using rule 18 (tipo_dato -> FLOTANTE .)
    AUTOINCREMENTAL reduce using rule 18 (tipo_dato -> FLOTANTE .)
    NO_NULO         reduce using rule 18 (tipo_dato -> FLOTANTE .)
    DESDE           reduce using rule 18 (tipo_dato -> FLOTANTE .)
    COMA            reduce using rule 18 (tipo_dato -> FLOTANTE .)
    VALORES         reduce using rule 18 (tipo_dato -> FLOTANTE .)
    PARENTESIS_DER  reduce using rule 18 (tipo_dato -> FLOTANTE .)


state 38

    (46) insertar -> INSERTAR EN IDENTIFICADOR . lista_columnas VALORES PARENTESIS_IZQ lista_valores PARENTESIS_DER
    (9) lista_columnas -> . lista_columnas COMA lista_columna
    (10) lista_columnas -> . lista_columna
    (29) lista_columnas -> . IDENTIFICADOR
    (30) lista_columnas -> . lista_columnas COMA IDENTIFICADOR
    (31) lista_columnas -> . TODO
    (27) lista_columna -> . IDENTIFICADOR tipo_dato restricciones

    IDENTIFICADOR   shift and go to state 19
    TODO            shift and go to state 21

    lista_columnas                 shift and go to state 55
    lista_columna                  shift and go to state 20

state 39

    (49) actualizar -> ACTUALIZAR IDENTIFICADOR COLOCAR . lista_asignaciones condicion_opt
    (50) lista_asignaciones -> . IDENTIFICADOR IGUALDAD valor
    (51) lista_asignaciones -> . lista_asignaciones COMA IDENTIFICADOR IGUALDAD valor

    IDENTIFICADOR   shift and go to state 56

    lista_asignaciones             shift and go to state 57

state 40

    (52) eliminar -> ELIMINAR DESDE IDENTIFICADOR . condicion_opt
    (32) condicion_opt -> . DONDE condicion
    (33) condicion_opt -> . empty
    (57) empty -> .

    DONDE           shift and go to state 59
    $end            reduce using rule 57 (empty -> .)

    condicion_opt                  shift and go to state 58
    empty                          shift and go to state 60

state 41

    (53) soltar -> SOLTAR TABLA IDENTIFICADOR .

    $end            reduce using rule 53 (soltar -> SOLTAR TABLA IDENTIFICADOR .)


state 42

    (8) crear -> CREAR TABLA IDENTIFICADOR . PARENTESIS_IZQ lista_columnas PARENTESIS_DER

    PARENTESIS_IZQ  shift and go to state 61


state 43

    (28) seleccion -> SELECCIONAR lista_columnas DESDE IDENTIFICADOR . condicion_opt
    (32) condicion_opt -> . DONDE condicion
    (33) condicion_opt -> . empty
    (57) empty -> .

    DONDE           shift and go to state 59
    $end            reduce using rule 57 (empty -> .)

    condicion_opt                  shift and go to state 62
    empty                          shift and go to state 60

state 44

    (9) lista_columnas -> lista_columnas COMA lista_columna .

    DESDE           reduce using rule 9 (lista_columnas -> lista_columnas COMA lista_columna .)
    COMA            reduce using rule 9 (lista_columnas -> lista_columnas COMA lista_columna .)
    VALORES         reduce using rule 9 (lista_columnas -> lista_columnas COMA lista_columna .)
    PARENTESIS_DER  reduce using rule 9 (lista_columnas -> lista_columnas COMA lista_columna .)


state 45

    (30) lista_columnas -> lista_columnas COMA IDENTIFICADOR .
    (27) lista_columna -> IDENTIFICADOR . tipo_dato restricciones
    (11) tipo_dato -> . ENTERO
    (12) tipo_dato -> . CADENA
    (13) tipo_dato -> . CARACTER
    (14) tipo_dato -> . FECHA
    (15) tipo_dato -> . BOOLEANO
    (16) tipo_dato -> . DECIMAL
    (17) tipo_dato -> . TEXTO especificacion
    (18) tipo_dato -> . FLOTANTE

    DESDE           reduce using rule 30 (lista_columnas -> lista_columnas COMA IDENTIFICADOR .)
    COMA            reduce using rule 30 (lista_columnas -> lista_columnas COMA IDENTIFICADOR .)
    VALORES         reduce using rule 30 (lista_columnas -> lista_columnas COMA IDENTIFICADOR .)
    PARENTESIS_DER  reduce using rule 30 (lista_columnas -> lista_columnas COMA IDENTIFICADOR .)
    ENTERO          shift and go to state 30
    CADENA          shift and go to state 31
    CARACTER        shift and go to state 32
    FECHA           shift and go to state 33
    BOOLEANO        shift and go to state 34
    DECIMAL         shift and go to state 35
    TEXTO           shift and go to state 36
    FLOTANTE        shift and go to state 37

    tipo_dato                      shift and go to state 29

state 46

    (27) lista_columna -> IDENTIFICADOR tipo_dato restricciones .
    (20) restricciones -> restricciones . restriccion
    (23) restriccion -> . CLAVE_PRIMARIA
    (24) restriccion -> . CLAVE_FORANEA
    (25) restriccion -> . AUTOINCREMENTAL
    (26) restriccion -> . NO_NULO

    DESDE           reduce using rule 27 (lista_columna -> IDENTIFICADOR tipo_dato restricciones .)
    COMA            reduce using rule 27 (lista_columna -> IDENTIFICADOR tipo_dato restricciones .)
    VALORES         reduce using rule 27 (lista_columna -> IDENTIFICADOR tipo_dato restricciones .)
    PARENTESIS_DER  reduce using rule 27 (lista_columna -> IDENTIFICADOR tipo_dato restricciones .)
    CLAVE_PRIMARIA  shift and go to state 49
    CLAVE_FORANEA   shift and go to state 50
    AUTOINCREMENTAL shift and go to state 51
    NO_NULO         shift and go to state 52

    restriccion                    shift and go to state 63

state 47

    (21) restricciones -> restriccion .

    CLAVE_PRIMARIA  reduce using rule 21 (restricciones -> restriccion .)
    CLAVE_FORANEA   reduce using rule 21 (restricciones -> restriccion .)
    AUTOINCREMENTAL reduce using rule 21 (restricciones -> restriccion .)
    NO_NULO         reduce using rule 21 (restricciones -> restriccion .)
    DESDE           reduce using rule 21 (restricciones -> restriccion .)
    COMA            reduce using rule 21 (restricciones -> restriccion .)
    VALORES         reduce using rule 21 (restricciones -> restriccion .)
    PARENTESIS_DER  reduce using rule 21 (restricciones -> restriccion .)


state 48

    (22) restricciones -> empty .

    CLAVE_PRIMARIA  reduce using rule 22 (restricciones -> empty .)
    CLAVE_FORANEA   reduce using rule 22 (restricciones -> empty .)
    AUTOINCREMENTAL reduce using rule 22 (restricciones -> empty .)
    NO_NULO         reduce using rule 22 (restricciones -> empty .)
    DESDE           reduce using rule 22 (restricciones -> empty .)
    COMA            reduce using rule 22 (restricciones -> empty .)
    VALORES         reduce using rule 22 (restricciones -> empty .)
    PARENTESIS_DER  reduce using rule 22 (restricciones -> empty .)


state 49

    (23) restriccion -> CLAVE_PRIMARIA .

    CLAVE_PRIMARIA  reduce using rule 23 (restriccion -> CLAVE_PRIMARIA .)
    CLAVE_FORANEA   reduce using rule 23 (restriccion -> CLAVE_PRIMARIA .)
    AUTOINCREMENTAL reduce using rule 23 (restriccion -> CLAVE_PRIMARIA .)
    NO_NULO         reduce using rule 23 (restriccion -> CLAVE_PRIMARIA .)
    DESDE           reduce using rule 23 (restriccion -> CLAVE_PRIMARIA .)
    COMA            reduce using rule 23 (restriccion -> CLAVE_PRIMARIA .)
    VALORES         reduce using rule 23 (restriccion -> CLAVE_PRIMARIA .)
    PARENTESIS_DER  reduce using rule 23 (restriccion -> CLAVE_PRIMARIA .)


state 50

    (24) restriccion -> CLAVE_FORANEA .

    CLAVE_PRIMARIA  reduce using rule 24 (restriccion -> CLAVE_FORANEA .)
    CLAVE_FORANEA   reduce using rule 24 (restriccion -> CLAVE_FORANEA .)
    AUTOINCREMENTAL reduce using rule 24 (restriccion -> CLAVE_FORANEA .)
    NO_NULO         reduce using rule 24 (restriccion -> CLAVE_FORANEA .)
    DESDE           reduce using rule 24 (restriccion -> CLAVE_FORANEA .)
    COMA            reduce using rule 24 (restriccion -> CLAVE_FORANEA .)
    VALORES         reduce using rule 24 (restriccion -> CLAVE_FORANEA .)
    PARENTESIS_DER  reduce using rule 24 (restriccion -> CLAVE_FORANEA .)


state 51

    (25) restriccion -> AUTOINCREMENTAL .

    CLAVE_PRIMARIA  reduce using rule 25 (restriccion -> AUTOINCREMENTAL .)
    CLAVE_FORANEA   reduce using rule 25 (restriccion -> AUTOINCREMENTAL .)
    AUTOINCREMENTAL reduce using rule 25 (restriccion -> AUTOINCREMENTAL .)
    NO_NULO         reduce using rule 25 (restriccion -> AUTOINCREMENTAL .)
    DESDE           reduce using rule 25 (restriccion -> AUTOINCREMENTAL .)
    COMA            reduce using rule 25 (restriccion -> AUTOINCREMENTAL .)
    VALORES         reduce using rule 25 (restriccion -> AUTOINCREMENTAL .)
    PARENTESIS_DER  reduce using rule 25 (restriccion -> AUTOINCREMENTAL .)


state 52

    (26) restriccion -> NO_NULO .

    CLAVE_PRIMARIA  reduce using rule 26 (restriccion -> NO_NULO .)
    CLAVE_FORANEA   reduce using rule 26 (restriccion -> NO_NULO .)
    AUTOINCREMENTAL reduce using rule 26 (restriccion -> NO_NULO .)
    NO_NULO         reduce using rule 26 (restriccion -> NO_NULO .)
    DESDE           reduce using rule 26 (restriccion -> NO_NULO .)
    COMA            reduce using rule 26 (restriccion -> NO_NULO .)
    VALORES         reduce using rule 26 (restriccion -> NO_NULO .)
    PARENTESIS_DER  reduce using rule 26 (restriccion -> NO_NULO .)


state 53

    (17) tipo_dato -> TEXTO especificacion .

    CLAVE_PRIMARIA  reduce using rule 17 (tipo_dato -> TEXTO especificacion .)
    CLAVE_FORANEA   reduce using rule 17 (tipo_dato -> TEXTO especificacion .)
    AUTOINCREMENTAL reduce using rule 17 (tipo_dato -> TEXTO especificacion .)
    NO_NULO         reduce using rule 17 (tipo_dato -> TEXTO especificacion .)
    DESDE           reduce using rule 17 (tipo_dato -> TEXTO especificacion .)
    COMA            reduce using rule 17 (tipo_dato -> TEXTO especificacion .)
    VALORES         reduce using rule 17 (tipo_dato -> TEXTO especificacion .)
    PARENTESIS_DER  reduce using rule 17 (tipo_dato -> TEXTO especificacion .)


state 54

    (19) especificacion -> PARENTESIS_IZQ . NUMERO PARENTESIS_DER

    NUMERO          shift and go to state 64


state 55

    (46) insertar -> INSERTAR EN IDENTIFICADOR lista_columnas . VALORES PARENTESIS_IZQ lista_valores PARENTESIS_DER
    (9) lista_columnas -> lista_columnas . COMA lista_columna
    (30) lista_columnas -> lista_columnas . COMA IDENTIFICADOR

    VALORES         shift and go to state 65
    COMA            shift and go to state 28


state 56

    (50) lista_asignaciones -> IDENTIFICADOR . IGUALDAD valor

    IGUALDAD        shift and go to state 66


state 57

    (49) actualizar -> ACTUALIZAR IDENTIFICADOR COLOCAR lista_asignaciones . condicion_opt
    (51) lista_asignaciones -> lista_asignaciones . COMA IDENTIFICADOR IGUALDAD valor
    (32) condicion_opt -> . DONDE condicion
    (33) condicion_opt -> . empty
    (57) empty -> .

    COMA            shift and go to state 68
    DONDE           shift and go to state 59
    $end            reduce using rule 57 (empty -> .)

    condicion_opt                  shift and go to state 67
    empty                          shift and go to state 60

state 58

    (52) eliminar -> ELIMINAR DESDE IDENTIFICADOR condicion_opt .

    $end            reduce using rule 52 (eliminar -> ELIMINAR DESDE IDENTIFICADOR condicion_opt .)


state 59

    (32) condicion_opt -> DONDE . condicion
    (34) condicion -> . IDENTIFICADOR comparador valor
    (35) condicion -> . condicion Y condicion
    (36) condicion -> . condicion O condicion

    IDENTIFICADOR   shift and go to state 70

    condicion                      shift and go to state 69

state 60

    (33) condicion_opt -> empty .

    $end            reduce using rule 33 (condicion_opt -> empty .)


state 61

    (8) crear -> CREAR TABLA IDENTIFICADOR PARENTESIS_IZQ . lista_columnas PARENTESIS_DER
    (9) lista_columnas -> . lista_columnas COMA lista_columna
    (10) lista_columnas -> . lista_columna
    (29) lista_columnas -> . IDENTIFICADOR
    (30) lista_columnas -> . lista_columnas COMA IDENTIFICADOR
    (31) lista_columnas -> . TODO
    (27) lista_columna -> . IDENTIFICADOR tipo_dato restricciones

    IDENTIFICADOR   shift and go to state 19
    TODO            shift and go to state 21

    lista_columnas                 shift and go to state 71
    lista_columna                  shift and go to state 20

state 62

    (28) seleccion -> SELECCIONAR lista_columnas DESDE IDENTIFICADOR condicion_opt .

    $end            reduce using rule 28 (seleccion -> SELECCIONAR lista_columnas DESDE IDENTIFICADOR condicion_opt .)


state 63

    (20) restricciones -> restricciones restriccion .

    CLAVE_PRIMARIA  reduce using rule 20 (restricciones -> restricciones restriccion .)
    CLAVE_FORANEA   reduce using rule 20 (restricciones -> restricciones restriccion .)
    AUTOINCREMENTAL reduce using rule 20 (restricciones -> restricciones restriccion .)
    NO_NULO         reduce using rule 20 (restricciones -> restricciones restriccion .)
    DESDE           reduce using rule 20 (restricciones -> restricciones restriccion .)
    COMA            reduce using rule 20 (restricciones -> restricciones restriccion .)
    VALORES         reduce using rule 20 (restricciones -> restricciones restriccion .)
    PARENTESIS_DER  reduce using rule 20 (restricciones -> restricciones restriccion .)


state 64

    (19) especificacion -> PARENTESIS_IZQ NUMERO . PARENTESIS_DER

    PARENTESIS_DER  shift and go to state 72


state 65

    (46) insertar -> INSERTAR EN IDENTIFICADOR lista_columnas VALORES . PARENTESIS_IZQ lista_valores PARENTESIS_DER

    PARENTESIS_IZQ  shift and go to state 73


state 66

    (50) lista_asignaciones -> IDENTIFICADOR IGUALDAD . valor
    (43) valor -> . NUMERO
    (44) valor -> . CADENA
    (45) valor -> . IDENTIFICADOR

    NUMERO          shift and go to state 76
    CADENA          shift and go to state 77
    IDENTIFICADOR   shift and go to state 74

    valor                          shift and go to state 75

state 67

    (49) actualizar -> ACTUALIZAR IDENTIFICADOR COLOCAR lista_asignaciones condicion_opt .

    $end            reduce using rule 49 (actualizar -> ACTUALIZAR IDENTIFICADOR COLOCAR lista_asignaciones condicion_opt .)


state 68

    (51) lista_asignaciones -> lista_asignaciones COMA . IDENTIFICADOR IGUALDAD valor

    IDENTIFICADOR   shift and go to state 78


state 69

    (32) condicion_opt -> DONDE condicion .
    (35) condicion -> condicion . Y condicion
    (36) condicion -> condicion . O condicion

    $end            reduce using rule 32 (condicion_opt -> DONDE condicion .)
    Y               shift and go to state 79
    O               shift and go to state 80


state 70

    (34) condicion -> IDENTIFICADOR . comparador valor
    (37) comparador -> . IGUALDAD
    (38) comparador -> . MAYOR
    (39) comparador -> . MENOR
    (40) comparador -> . MAYOR_IGUAL
    (41) comparador -> . MENOR_IGUAL
    (42) comparador -> . DIFERENTE

    IGUALDAD        shift and go to state 82
    MAYOR           shift and go to state 83
    MENOR           shift and go to state 84
    MAYOR_IGUAL     shift and go to state 85
    MENOR_IGUAL     shift and go to state 86
    DIFERENTE       shift and go to state 87

    comparador                     shift and go to state 81

state 71

    (8) crear -> CREAR TABLA IDENTIFICADOR PARENTESIS_IZQ lista_columnas . PARENTESIS_DER
    (9) lista_columnas -> lista_columnas . COMA lista_columna
    (30) lista_columnas -> lista_columnas . COMA IDENTIFICADOR

    PARENTESIS_DER  shift and go to state 88
    COMA            shift and go to state 28


state 72

    (19) especificacion -> PARENTESIS_IZQ NUMERO PARENTESIS_DER .

    CLAVE_PRIMARIA  reduce using rule 19 (especificacion -> PARENTESIS_IZQ NUMERO PARENTESIS_DER .)
    CLAVE_FORANEA   reduce using rule 19 (especificacion -> PARENTESIS_IZQ NUMERO PARENTESIS_DER .)
    AUTOINCREMENTAL reduce using rule 19 (especificacion -> PARENTESIS_IZQ NUMERO PARENTESIS_DER .)
    NO_NULO         reduce using rule 19 (especificacion -> PARENTESIS_IZQ NUMERO PARENTESIS_DER .)
    DESDE           reduce using rule 19 (especificacion -> PARENTESIS_IZQ NUMERO PARENTESIS_DER .)
    COMA            reduce using rule 19 (especificacion -> PARENTESIS_IZQ NUMERO PARENTESIS_DER .)
    VALORES         reduce using rule 19 (especificacion -> PARENTESIS_IZQ NUMERO PARENTESIS_DER .)
    PARENTESIS_DER  reduce using rule 19 (especificacion -> PARENTESIS_IZQ NUMERO PARENTESIS_DER .)


state 73

    (46) insertar -> INSERTAR EN IDENTIFICADOR lista_columnas VALORES PARENTESIS_IZQ . lista_valores PARENTESIS_DER
    (47) lista_valores -> . valor
    (48) lista_valores -> . lista_valores COMA valor
    (43) valor -> . NUMERO
    (44) valor -> . CADENA
    (45) valor -> . IDENTIFICADOR

    NUMERO          shift and go to state 76
    CADENA          shift and go to state 77
    IDENTIFICADOR   shift and go to state 74

    lista_valores                  shift and go to state 89
    valor                          shift and go to state 90

state 74

    (45) valor -> IDENTIFICADOR .

    COMA            reduce using rule 45 (valor -> IDENTIFICADOR .)
    DONDE           reduce using rule 45 (valor -> IDENTIFICADOR .)
    $end            reduce using rule 45 (valor -> IDENTIFICADOR .)
    PARENTESIS_DER  reduce using rule 45 (valor -> IDENTIFICADOR .)
    Y               reduce using rule 45 (valor -> IDENTIFICADOR .)
    O               reduce using rule 45 (valor -> IDENTIFICADOR .)


state 75

    (50) lista_asignaciones -> IDENTIFICADOR IGUALDAD valor .

    COMA            reduce using rule 50 (lista_asignaciones -> IDENTIFICADOR IGUALDAD valor .)
    DONDE           reduce using rule 50 (lista_asignaciones -> IDENTIFICADOR IGUALDAD valor .)
    $end            reduce using rule 50 (lista_asignaciones -> IDENTIFICADOR IGUALDAD valor .)


state 76

    (43) valor -> NUMERO .

    COMA            reduce using rule 43 (valor -> NUMERO .)
    DONDE           reduce using rule 43 (valor -> NUMERO .)
    $end            reduce using rule 43 (valor -> NUMERO .)
    PARENTESIS_DER  reduce using rule 43 (valor -> NUMERO .)
    Y               reduce using rule 43 (valor -> NUMERO .)
    O               reduce using rule 43 (valor -> NUMERO .)


state 77

    (44) valor -> CADENA .

    COMA            reduce using rule 44 (valor -> CADENA .)
    DONDE           reduce using rule 44 (valor -> CADENA .)
    $end            reduce using rule 44 (valor -> CADENA .)
    PARENTESIS_DER  reduce using rule 44 (valor -> CADENA .)
    Y               reduce using rule 44 (valor -> CADENA .)
    O               reduce using rule 44 (valor -> CADENA .)


state 78

    (51) lista_asignaciones -> lista_asignaciones COMA IDENTIFICADOR . IGUALDAD valor

    IGUALDAD        shift and go to state 91


state 79

    (35) condicion -> condicion Y . condicion
    (34) condicion -> . IDENTIFICADOR comparador valor
    (35) condicion -> . condicion Y condicion
    (36) condicion -> . condicion O condicion

    IDENTIFICADOR   shift and go to state 70

    condicion                      shift and go to state 92

state 80

    (36) condicion -> condicion O . condicion
    (34) condicion -> . IDENTIFICADOR comparador valor
    (35) condicion -> . condicion Y condicion
    (36) condicion -> . condicion O condicion

    IDENTIFICADOR   shift and go to state 70

    condicion                      shift and go to state 93

state 81

    (34) condicion -> IDENTIFICADOR comparador . valor
    (43) valor -> . NUMERO
    (44) valor -> . CADENA
    (45) valor -> . IDENTIFICADOR

    NUMERO          shift and go to state 76
    CADENA          shift and go to state 77
    IDENTIFICADOR   shift and go to state 74

    valor                          shift and go to state 94

state 82

    (37) comparador -> IGUALDAD .

    NUMERO          reduce using rule 37 (comparador -> IGUALDAD .)
    CADENA          reduce using rule 37 (comparador -> IGUALDAD .)
    IDENTIFICADOR   reduce using rule 37 (comparador -> IGUALDAD .)


state 83

    (38) comparador -> MAYOR .

    NUMERO          reduce using rule 38 (comparador -> MAYOR .)
    CADENA          reduce using rule 38 (comparador -> MAYOR .)
    IDENTIFICADOR   reduce using rule 38 (comparador -> MAYOR .)


state 84

    (39) comparador -> MENOR .

    NUMERO          reduce using rule 39 (comparador -> MENOR .)
    CADENA          reduce using rule 39 (comparador -> MENOR .)
    IDENTIFICADOR   reduce using rule 39 (comparador -> MENOR .)


state 85

    (40) comparador -> MAYOR_IGUAL .

    NUMERO          reduce using rule 40 (comparador -> MAYOR_IGUAL .)
    CADENA          reduce using rule 40 (comparador -> MAYOR_IGUAL .)
    IDENTIFICADOR   reduce using rule 40 (comparador -> MAYOR_IGUAL .)


state 86

    (41) comparador -> MENOR_IGUAL .

    NUMERO          reduce using rule 41 (comparador -> MENOR_IGUAL .)
    CADENA          reduce using rule 41 (comparador -> MENOR_IGUAL .)
    IDENTIFICADOR   reduce using rule 41 (comparador -> MENOR_IGUAL .)


state 87

    (42) comparador -> DIFERENTE .

    NUMERO          reduce using rule 42 (comparador -> DIFERENTE .)
    CADENA          reduce using rule 42 (comparador -> DIFERENTE .)
    IDENTIFICADOR   reduce using rule 42 (comparador -> DIFERENTE .)


state 88

    (8) crear -> CREAR TABLA IDENTIFICADOR PARENTESIS_IZQ lista_columnas PARENTESIS_DER .

    $end            reduce using rule 8 (crear -> CREAR TABLA IDENTIFICADOR PARENTESIS_IZQ lista_columnas PARENTESIS_DER .)


state 89

    (46) insertar -> INSERTAR EN IDENTIFICADOR lista_columnas VALORES PARENTESIS_IZQ lista_valores . PARENTESIS_DER
    (48) lista_valores -> lista_valores . COMA valor

    PARENTESIS_DER  shift and go to state 95
    COMA            shift and go to state 96


state 90

    (47) lista_valores -> valor .

    PARENTESIS_DER  reduce using rule 47 (lista_valores -> valor .)
    COMA            reduce using rule 47 (lista_valores -> valor .)


state 91

    (51) lista_asignaciones -> lista_asignaciones COMA IDENTIFICADOR IGUALDAD . valor
    (43) valor -> . NUMERO
    (44) valor -> . CADENA
    (45) valor -> . IDENTIFICADOR

    NUMERO          shift and go to state 76
    CADENA          shift and go to state 77
    IDENTIFICADOR   shift and go to state 74

    valor                          shift and go to state 97

state 92

    (35) condicion -> condicion Y condicion .
    (35) condicion -> condicion . Y condicion
    (36) condicion -> condicion . O condicion

    Y               reduce using rule 35 (condicion -> condicion Y condicion .)
    O               reduce using rule 35 (condicion -> condicion Y condicion .)
    $end            reduce using rule 35 (condicion -> condicion Y condicion .)

  ! Y               [ shift and go to state 79 ]
  ! O               [ shift and go to state 80 ]


state 93

    (36) condicion -> condicion O condicion .
    (35) condicion -> condicion . Y condicion
    (36) condicion -> condicion . O condicion

    Y               reduce using rule 36 (condicion -> condicion O condicion .)
    O               reduce using rule 36 (condicion -> condicion O condicion .)
    $end            reduce using rule 36 (condicion -> condicion O condicion .)

  ! Y               [ shift and go to state 79 ]
  ! O               [ shift and go to state 80 ]


state 94

    (34) condicion -> IDENTIFICADOR comparador valor .

    Y               reduce using rule 34 (condicion -> IDENTIFICADOR comparador valor .)
    O               reduce using rule 34 (condicion -> IDENTIFICADOR comparador valor .)
    $end            reduce using rule 34 (condicion -> IDENTIFICADOR comparador valor .)


state 95

    (46) insertar -> INSERTAR EN IDENTIFICADOR lista_columnas VALORES PARENTESIS_IZQ lista_valores PARENTESIS_DER .

    $end            reduce using rule 46 (insertar -> INSERTAR EN IDENTIFICADOR lista_columnas VALORES PARENTESIS_IZQ lista_valores PARENTESIS_DER .)


state 96

    (48) lista_valores -> lista_valores COMA . valor
    (43) valor -> . NUMERO
    (44) valor -> . CADENA
    (45) valor -> . IDENTIFICADOR

    NUMERO          shift and go to state 76
    CADENA          shift and go to state 77
    IDENTIFICADOR   shift and go to state 74

    valor                          shift and go to state 98

state 97

    (51) lista_asignaciones -> lista_asignaciones COMA IDENTIFICADOR IGUALDAD valor .

    COMA            reduce using rule 51 (lista_asignaciones -> lista_asignaciones COMA IDENTIFICADOR IGUALDAD valor .)
    DONDE           reduce using rule 51 (lista_asignaciones -> lista_asignaciones COMA IDENTIFICADOR IGUALDAD valor .)
    $end            reduce using rule 51 (lista_asignaciones -> lista_asignaciones COMA IDENTIFICADOR IGUALDAD valor .)


state 98

    (48) lista_valores -> lista_valores COMA valor .

    PARENTESIS_DER  reduce using rule 48 (lista_valores -> lista_valores COMA valor .)
    COMA            reduce using rule 48 (lista_valores -> lista_valores COMA valor .)

WARNING: 
WARNING: Conflicts:
WARNING: 
WARNING: shift/reduce conflict for CLAVE_PRIMARIA in state 29 resolved as shift
WARNING: shift/reduce conflict for CLAVE_FORANEA in state 29 resolved as shift
WARNING: shift/reduce conflict for AUTOINCREMENTAL in state 29 resolved as shift
WARNING: shift/reduce conflict for NO_NULO in state 29 resolved as shift
